{"level":"info","message":{"method":"GET","parameters":{"0":"/cart.json"},"path":"/cart.json","timestamp":1679673991597},"service":"signup"}
{"level":"info","message":{"method":"GET","parameters":{"0":"/home"},"path":"/home","timestamp":1679673991895},"service":"signup"}
{"level":"info","message":{"method":"GET","parameters":{"0":"/css/navbar.css"},"path":"/css/navbar.css","timestamp":1679673992467},"service":"signup"}
{"level":"info","message":{"method":"GET","parameters":{"0":"/12"},"path":"/12","timestamp":1679673992510},"service":"signup"}
{"level":"info","message":{"method":"GET","parameters":{"0":"/public/img/coffeebeans.jpeg"},"path":"/public/img/coffeebeans.jpeg","timestamp":1679673992511},"service":"signup"}
{"level":"info","message":{"method":"GET","parameters":{"0":"/cart.json"},"path":"/cart.json","timestamp":1679673992720},"service":"signup"}
{"level":"info","message":{"method":"POST","parameters":{"0":"/add-to-cart/1"},"path":"/add-to-cart/1","timestamp":1679673996910},"service":"signup"}
{"level":"info","message":{"method":"GET","parameters":{"0":"/home"},"path":"/home","timestamp":1679673997007},"service":"signup"}
{"level":"info","message":{"method":"GET","parameters":{"0":"/css/navbar.css"},"path":"/css/navbar.css","timestamp":1679673997064},"service":"signup"}
{"level":"info","message":{"method":"GET","parameters":{"0":"/public/img/coffeebeans.jpeg"},"path":"/public/img/coffeebeans.jpeg","timestamp":1679673997069},"service":"signup"}
{"level":"info","message":{"method":"GET","parameters":{"0":"/12"},"path":"/12","timestamp":1679673997093},"service":"signup"}
{"level":"info","message":{"method":"GET","parameters":{"0":"/cart.json"},"path":"/cart.json","timestamp":1679673997280},"service":"signup"}
{"level":"info","message":{"method":"GET","parameters":{"0":"/mycart"},"path":"/mycart","timestamp":1679673999522},"service":"signup"}
{"level":"info","message":{"method":"GET","parameters":{"0":"/cart.json"},"path":"/cart.json","timestamp":1679673999802},"service":"signup"}
{"level":"info","message":{"method":"GET","parameters":{"0":"/home"},"path":"/home","timestamp":1679674568822},"service":"signup"}
{"level":"info","message":{"method":"GET","parameters":{"0":"/css/navbar.css"},"path":"/css/navbar.css","timestamp":1679674569397},"service":"signup"}
{"level":"info","message":{"method":"GET","parameters":{"0":"/public/img/coffeebeans.jpeg"},"path":"/public/img/coffeebeans.jpeg","timestamp":1679674569428},"service":"signup"}
{"level":"info","message":{"method":"GET","parameters":{"0":"/12"},"path":"/12","timestamp":1679674569429},"service":"signup"}
{"level":"info","message":{"method":"GET","parameters":{"0":"/cart.json"},"path":"/cart.json","timestamp":1679674569624},"service":"signup"}
{"level":"info","message":{"method":"POST","parameters":{"0":"/add-to-cart/1"},"path":"/add-to-cart/1","timestamp":1679674570768},"service":"signup"}
{"level":"info","message":{"method":"GET","parameters":{"0":"/home"},"path":"/home","timestamp":1679674570867},"service":"signup"}
{"level":"info","message":{"method":"GET","parameters":{"0":"/css/navbar.css"},"path":"/css/navbar.css","timestamp":1679674570929},"service":"signup"}
{"level":"info","message":{"method":"GET","parameters":{"0":"/public/img/coffeebeans.jpeg"},"path":"/public/img/coffeebeans.jpeg","timestamp":1679674570953},"service":"signup"}
{"level":"info","message":{"method":"GET","parameters":{"0":"/12"},"path":"/12","timestamp":1679674570955},"service":"signup"}
{"level":"info","message":{"method":"GET","parameters":{"0":"/cart.json"},"path":"/cart.json","timestamp":1679674571162},"service":"signup"}
{"level":"info","message":{"method":"GET","parameters":{"0":"/mycart"},"path":"/mycart","timestamp":1679674573051},"service":"signup"}
{"level":"info","message":{"method":"GET","parameters":{"0":"/cart.json"},"path":"/cart.json","timestamp":1679674573347},"service":"signup"}
{"level":"info","message":{"method":"POST","parameters":{"0":"/delete-cart/4"},"path":"/delete-cart/4","timestamp":1679674575068},"service":"signup"}
{"level":"info","message":{"method":"GET","parameters":{"0":"/mycart"},"path":"/mycart","timestamp":1679674575109},"service":"signup"}
{"level":"info","message":{"method":"GET","parameters":{"0":"/cart.json"},"path":"/cart.json","timestamp":1679674575381},"service":"signup"}
{"level":"info","message":{"method":"POST","parameters":{"0":"/delete-cart/3"},"path":"/delete-cart/3","timestamp":1679674575786},"service":"signup"}
{"level":"info","message":{"method":"GET","parameters":{"0":"/mycart"},"path":"/mycart","timestamp":1679674575826},"service":"signup"}
{"level":"info","message":{"method":"GET","parameters":{"0":"/cart.json"},"path":"/cart.json","timestamp":1679674576092},"service":"signup"}
{"level":"info","message":{"method":"POST","parameters":{"0":"/delete-cart/2"},"path":"/delete-cart/2","timestamp":1679674576968},"service":"signup"}
{"level":"info","message":{"method":"GET","parameters":{"0":"/mycart"},"path":"/mycart","timestamp":1679674577013},"service":"signup"}
{"level":"info","message":{"method":"GET","parameters":{"0":"/cart.json"},"path":"/cart.json","timestamp":1679674577281},"service":"signup"}
{"level":"info","message":{"method":"GET","parameters":{"0":"/home"},"path":"/home","timestamp":1679674769804},"service":"signup"}
{"level":"info","message":{"method":"GET","parameters":{"0":"/css/navbar.css"},"path":"/css/navbar.css","timestamp":1679674770093},"service":"signup"}
{"level":"info","message":{"method":"GET","parameters":{"0":"/public/img/coffeebeans.jpeg"},"path":"/public/img/coffeebeans.jpeg","timestamp":1679674770123},"service":"signup"}
{"level":"info","message":{"method":"GET","parameters":{"0":"/12"},"path":"/12","timestamp":1679674770124},"service":"signup"}
{"level":"info","message":{"method":"GET","parameters":{"0":"/cart.json"},"path":"/cart.json","timestamp":1679674770328},"service":"signup"}
{"level":"info","message":{"method":"GET","parameters":{"0":"/home"},"path":"/home","timestamp":1679682720692},"service":"signup"}
{"level":"info","message":{"method":"GET","parameters":{"0":"/css/navbar.css"},"path":"/css/navbar.css","timestamp":1679682722036},"service":"signup"}
{"level":"info","message":{"method":"GET","parameters":{"0":"/public/img/coffeebeans.jpeg"},"path":"/public/img/coffeebeans.jpeg","timestamp":1679682722128},"service":"signup"}
{"level":"info","message":{"method":"GET","parameters":{"0":"/12"},"path":"/12","timestamp":1679682722128},"service":"signup"}
{"level":"info","message":{"method":"GET","parameters":{"0":"/cart.json"},"path":"/cart.json","timestamp":1679682723053},"service":"signup"}
{"level":"info","message":{"method":"POST","parameters":{"0":"/add-to-cart/1"},"path":"/add-to-cart/1","timestamp":1679682724654},"service":"signup"}
{"level":"info","message":{"method":"GET","parameters":{"0":"/home"},"path":"/home","timestamp":1679682724821},"service":"signup"}
{"level":"info","message":{"method":"GET","parameters":{"0":"/css/navbar.css"},"path":"/css/navbar.css","timestamp":1679682724911},"service":"signup"}
{"level":"info","message":{"method":"GET","parameters":{"0":"/public/img/coffeebeans.jpeg"},"path":"/public/img/coffeebeans.jpeg","timestamp":1679682724938},"service":"signup"}
{"level":"info","message":{"method":"GET","parameters":{"0":"/12"},"path":"/12","timestamp":1679682724939},"service":"signup"}
{"level":"info","message":{"method":"GET","parameters":{"0":"/cart.json"},"path":"/cart.json","timestamp":1679682725179},"service":"signup"}
{"level":"info","message":{"method":"GET","parameters":{"0":"/mycart"},"path":"/mycart","timestamp":1679682727767},"service":"signup"}
{"level":"info","message":{"method":"GET","parameters":{"0":"/cart.json"},"path":"/cart.json","timestamp":1679682728119},"service":"signup"}
{"level":"info","message":{"method":"POST","parameters":{"0":"/delete-cart/5"},"path":"/delete-cart/5","timestamp":1679682774335},"service":"signup"}
{"level":"info","message":{"method":"GET","parameters":{"0":"/mycart"},"path":"/mycart","timestamp":1679682774767},"service":"signup"}
{"level":"info","message":{"method":"GET","parameters":{"0":"/cart.json"},"path":"/cart.json","timestamp":1679682775141},"service":"signup"}
{"level":"info","message":{"method":"GET","parameters":{"0":"/home"},"path":"/home","timestamp":1679682776135},"service":"signup"}
{"level":"info","message":{"method":"GET","parameters":{"0":"/css/navbar.css"},"path":"/css/navbar.css","timestamp":1679682776239},"service":"signup"}
{"level":"info","message":{"method":"GET","parameters":{"0":"/public/img/coffeebeans.jpeg"},"path":"/public/img/coffeebeans.jpeg","timestamp":1679682776255},"service":"signup"}
{"level":"info","message":{"method":"GET","parameters":{"0":"/12"},"path":"/12","timestamp":1679682776258},"service":"signup"}
{"level":"info","message":{"method":"GET","parameters":{"0":"/cart.json"},"path":"/cart.json","timestamp":1679682776460},"service":"signup"}
{"level":"info","message":{"method":"POST","parameters":{"0":"/add-to-cart/1"},"path":"/add-to-cart/1","timestamp":1679682780684},"service":"signup"}
{"level":"info","message":{"method":"GET","parameters":{"0":"/home"},"path":"/home","timestamp":1679682780859},"service":"signup"}
{"level":"info","message":{"method":"GET","parameters":{"0":"/css/navbar.css"},"path":"/css/navbar.css","timestamp":1679682780958},"service":"signup"}
{"level":"info","message":{"method":"GET","parameters":{"0":"/public/img/coffeebeans.jpeg"},"path":"/public/img/coffeebeans.jpeg","timestamp":1679682780981},"service":"signup"}
{"level":"info","message":{"method":"GET","parameters":{"0":"/12"},"path":"/12","timestamp":1679682780983},"service":"signup"}
{"level":"info","message":{"method":"GET","parameters":{"0":"/cart.json"},"path":"/cart.json","timestamp":1679682781176},"service":"signup"}
{"level":"info","message":{"method":"GET","parameters":{"0":"/mycart"},"path":"/mycart","timestamp":1679682782786},"service":"signup"}
{"level":"info","message":{"method":"GET","parameters":{"0":"/cart.json"},"path":"/cart.json","timestamp":1679682783131},"service":"signup"}
{"level":"info","message":{"method":"POST","parameters":{"0":"/delete-cart/6"},"path":"/delete-cart/6","timestamp":1679682808561},"service":"signup"}
{"level":"info","message":{"method":"GET","parameters":{"0":"/home"},"path":"/home","timestamp":1679682812931},"service":"signup"}
{"level":"info","message":{"method":"GET","parameters":{"0":"/home"},"path":"/home","timestamp":1679682826214},"service":"signup"}
{"level":"info","message":{"method":"GET","parameters":{"0":"/css/navbar.css"},"path":"/css/navbar.css","timestamp":1679682826863},"service":"signup"}
{"level":"info","message":{"method":"GET","parameters":{"0":"/public/img/coffeebeans.jpeg"},"path":"/public/img/coffeebeans.jpeg","timestamp":1679682826896},"service":"signup"}
{"level":"info","message":{"method":"GET","parameters":{"0":"/12"},"path":"/12","timestamp":1679682826897},"service":"signup"}
{"level":"info","message":{"method":"GET","parameters":{"0":"/cart.json"},"path":"/cart.json","timestamp":1679682827124},"service":"signup"}
{"level":"info","message":{"method":"POST","parameters":{"0":"/add-to-cart/1"},"path":"/add-to-cart/1","timestamp":1679682831654},"service":"signup"}
{"level":"info","message":{"method":"GET","parameters":{"0":"/home"},"path":"/home","timestamp":1679682831811},"service":"signup"}
{"level":"info","message":{"method":"GET","parameters":{"0":"/css/navbar.css"},"path":"/css/navbar.css","timestamp":1679682831919},"service":"signup"}
{"level":"info","message":{"method":"GET","parameters":{"0":"/public/img/coffeebeans.jpeg"},"path":"/public/img/coffeebeans.jpeg","timestamp":1679682831935},"service":"signup"}
{"level":"info","message":{"method":"GET","parameters":{"0":"/12"},"path":"/12","timestamp":1679682831938},"service":"signup"}
{"level":"info","message":{"method":"GET","parameters":{"0":"/cart.json"},"path":"/cart.json","timestamp":1679682832157},"service":"signup"}
{"level":"info","message":{"method":"GET","parameters":{"0":"/mycart"},"path":"/mycart","timestamp":1679682834362},"service":"signup"}
{"level":"info","message":{"method":"GET","parameters":{"0":"/cart.json"},"path":"/cart.json","timestamp":1679682834725},"service":"signup"}
{"level":"info","message":{"method":"GET","parameters":{"0":"/home"},"path":"/home","timestamp":1679683327528},"service":"signup"}
{"level":"info","message":{"method":"GET","parameters":{"0":"/css/navbar.css"},"path":"/css/navbar.css","timestamp":1679683328071},"service":"signup"}
{"level":"info","message":{"method":"GET","parameters":{"0":"/public/img/coffeebeans.jpeg"},"path":"/public/img/coffeebeans.jpeg","timestamp":1679683328098},"service":"signup"}
{"level":"info","message":{"method":"GET","parameters":{"0":"/12"},"path":"/12","timestamp":1679683328098},"service":"signup"}
{"level":"info","message":{"method":"GET","parameters":{"0":"/cart.json"},"path":"/cart.json","timestamp":1679683328333},"service":"signup"}
{"level":"info","message":{"method":"GET","parameters":{"0":"/cart.json"},"path":"/cart.json","timestamp":1679683349196},"service":"signup"}
{"level":"info","message":{"method":"GET","parameters":{"0":"/login"},"path":"/login","timestamp":1679690033029},"service":"signup"}
{"level":"info","message":{"method":"GET","parameters":{"0":"/cart.json"},"path":"/cart.json","timestamp":1679690034023},"service":"signup"}
{"level":"info","message":{"method":"GET","parameters":{"0":"/register"},"path":"/register","timestamp":1679690043039},"service":"signup"}
{"level":"info","message":{"method":"GET","parameters":{"0":"/favicon.ico"},"path":"/favicon.ico","timestamp":1679690043346},"service":"signup"}
{"level":"info","message":{"method":"GET","parameters":{"0":"/cart.json"},"path":"/cart.json","timestamp":1679690043357},"service":"signup"}
{"level":"info","message":{"method":"GET","parameters":{"0":"/favicon.ico"},"path":"/favicon.ico","timestamp":1679690043359},"service":"signup"}
{"level":"info","message":{"method":"GET","parameters":{"0":"/register"},"path":"/register","timestamp":1679690155403},"service":"signup"}
{"level":"info","message":{"method":"GET","parameters":{"0":"/cart.json"},"path":"/cart.json","timestamp":1679690155684},"service":"signup"}
{"level":"info","message":{"method":"GET","parameters":{"0":"/register"},"path":"/register","timestamp":1679690166831},"service":"signup"}
{"level":"info","message":{"method":"GET","parameters":{"0":"/cart.json"},"path":"/cart.json","timestamp":1679690167068},"service":"signup"}
{"level":"info","message":{"method":"GET","parameters":{"0":"/register"},"path":"/register","timestamp":1679690186467},"service":"signup"}
{"level":"info","message":{"method":"GET","parameters":{"0":"/cart.json"},"path":"/cart.json","timestamp":1679690186735},"service":"signup"}
{"level":"info","message":{"method":"POST","parameters":{"0":"/register"},"path":"/register","timestamp":1679690200116},"service":"signup"}
{"body":{"email":"asdasd@adasdas.com","name":"asdasd@asdasd","password":"123"},"level":"error","message":"Name should contain only letters","method":"POST","parameters":{},"path":"/register","service":"signup","timestamp":1679690200128}
{"level":"info","message":{"method":"GET","parameters":{"0":"/favicon.ico"},"path":"/favicon.ico","timestamp":1679690200389},"service":"signup"}
{"level":"info","message":{"method":"GET","parameters":{"0":"/cart.json"},"path":"/cart.json","timestamp":1679690200397},"service":"signup"}
{"level":"info","message":{"method":"GET","parameters":{"0":"/favicon.ico"},"path":"/favicon.ico","timestamp":1679690200411},"service":"signup"}
{"level":"info","message":{"method":"GET","parameters":{"0":"/login"},"path":"/login","timestamp":1679690205773},"service":"signup"}
{"level":"info","message":{"method":"GET","parameters":{"0":"/cart.json"},"path":"/cart.json","timestamp":1679690206052},"service":"signup"}
{"level":"info","message":{"method":"GET","parameters":{"0":"/register"},"path":"/register","timestamp":1679690281056},"service":"signup"}
{"level":"info","message":{"method":"GET","parameters":{"0":"/cart.json"},"path":"/cart.json","timestamp":1679690281342},"service":"signup"}
{"level":"info","message":{"method":"POST","parameters":{"0":"/register"},"path":"/register","timestamp":1679690295308},"service":"signup"}
{"level":"info","message":{"method":"GET","parameters":{"0":"/favicon.ico"},"path":"/favicon.ico","timestamp":1679690295572},"service":"signup"}
{"level":"info","message":{"method":"GET","parameters":{"0":"/cart.json"},"path":"/cart.json","timestamp":1679690295581},"service":"signup"}
{"level":"info","message":{"method":"GET","parameters":{"0":"/favicon.ico"},"path":"/favicon.ico","timestamp":1679690295599},"service":"signup"}
{"level":"info","message":{"method":"GET","parameters":{"0":"/login"},"path":"/login","timestamp":1679690319734},"service":"signup"}
{"level":"info","message":{"method":"GET","parameters":{"0":"/favicon.ico"},"path":"/favicon.ico","timestamp":1679690319957},"service":"signup"}
{"level":"info","message":{"method":"GET","parameters":{"0":"/cart.json"},"path":"/cart.json","timestamp":1679690320883},"service":"signup"}
{"level":"info","message":{"method":"POST","parameters":{"0":"/login"},"path":"/login","timestamp":1679690326975},"service":"signup"}
{"level":"info","message":{"method":"GET","parameters":{"0":"/home"},"path":"/home","timestamp":1679690327566},"service":"signup"}
{"level":"info","message":{"method":"GET","parameters":{"0":"/home"},"path":"/home","timestamp":1679690402764},"service":"signup"}
{"level":"info","message":{"method":"GET","parameters":{"0":"/home"},"path":"/home","timestamp":1679690454326},"service":"signup"}
{"level":"info","message":{"method":"GET","parameters":{"0":"/css/navbar.css"},"path":"/css/navbar.css","timestamp":1679690454623},"service":"signup"}
{"level":"info","message":{"method":"GET","parameters":{"0":"/public/img/coffeebeans.jpeg"},"path":"/public/img/coffeebeans.jpeg","timestamp":1679690454738},"service":"signup"}
{"level":"info","message":{"method":"GET","parameters":{"0":"/favicon.ico"},"path":"/favicon.ico","timestamp":1679690454855},"service":"signup"}
{"level":"info","message":{"method":"GET","parameters":{"0":"/cart.json"},"path":"/cart.json","timestamp":1679690455786},"service":"signup"}
{"level":"info","message":{"method":"GET","parameters":{"0":"/createListing"},"path":"/createListing","timestamp":1679690509240},"service":"signup"}
{"level":"info","message":{"method":"GET","parameters":{"0":"/cart.json"},"path":"/cart.json","timestamp":1679690509555},"service":"signup"}
{"level":"info","message":{"method":"POST","parameters":{"0":"/createListing"},"path":"/createListing","timestamp":1679690523190},"service":"signup"}
{"level":"info","message":{"method":"GET","parameters":{"0":"/home"},"path":"/home","timestamp":1679690523747},"service":"signup"}
{"level":"info","message":{"method":"GET","parameters":{"0":"/css/navbar.css"},"path":"/css/navbar.css","timestamp":1679690523858},"service":"signup"}
{"level":"info","message":{"method":"GET","parameters":{"0":"/public/img/coffeebeans.jpeg"},"path":"/public/img/coffeebeans.jpeg","timestamp":1679690523875},"service":"signup"}
{"level":"info","message":{"method":"GET","parameters":{"0":"/cart.json"},"path":"/cart.json","timestamp":1679690524118},"service":"signup"}
{"level":"info","message":{"method":"GET","parameters":{"0":"/productDetails/1"},"path":"/productDetails/1","timestamp":1679690526297},"service":"signup"}
{"level":"info","message":{"method":"GET","parameters":{"0":"/css/navbar.css"},"path":"/css/navbar.css","timestamp":1679690526431},"service":"signup"}
{"level":"info","message":{"method":"GET","parameters":{"0":"/cart.json"},"path":"/cart.json","timestamp":1679690526665},"service":"signup"}
{"level":"info","message":{"method":"GET","parameters":{"0":"/cart.json"},"path":"/cart.json","timestamp":1679690530770},"service":"signup"}
{"level":"info","message":{"method":"POST","parameters":{"0":"/add-to-cart/1"},"path":"/add-to-cart/1","timestamp":1679690532272},"service":"signup"}
{"level":"info","message":{"method":"GET","parameters":{"0":"/login"},"path":"/login","timestamp":1679692634965},"service":"signup"}
{"level":"info","message":{"method":"GET","parameters":{"0":"/cart.json"},"path":"/cart.json","timestamp":1679692635320},"service":"signup"}
{"level":"info","message":{"method":"POST","parameters":{"0":"/login"},"path":"/login","timestamp":1679692642895},"service":"signup"}
{"level":"info","message":{"method":"GET","parameters":{"0":"/home"},"path":"/home","timestamp":1679692643397},"service":"signup"}
{"level":"info","message":{"method":"GET","parameters":{"0":"/css/navbar.css"},"path":"/css/navbar.css","timestamp":1679692643576},"service":"signup"}
{"level":"info","message":{"method":"GET","parameters":{"0":"/public/img/coffeebeans.jpeg"},"path":"/public/img/coffeebeans.jpeg","timestamp":1679692643589},"service":"signup"}
{"level":"info","message":{"method":"GET","parameters":{"0":"/favicon.ico"},"path":"/favicon.ico","timestamp":1679692643618},"service":"signup"}
{"level":"info","message":{"method":"GET","parameters":{"0":"/cart.json"},"path":"/cart.json","timestamp":1679692643870},"service":"signup"}
{"level":"info","message":{"method":"GET","parameters":{"0":"/favicon.ico"},"path":"/favicon.ico","timestamp":1679692643898},"service":"signup"}
{"level":"info","message":{"method":"GET","parameters":{"0":"/mycart"},"path":"/mycart","timestamp":1679693054902},"service":"signup"}
{"level":"info","message":{"method":"GET","parameters":{"0":"/mycart"},"path":"/mycart","timestamp":1679693107258},"service":"signup"}
{"level":"info","message":{"method":"GET","parameters":{"0":"/mycart"},"path":"/mycart","timestamp":1679693149425},"service":"signup"}
{"level":"info","message":{"method":"GET","parameters":{"0":"/mycart"},"path":"/mycart","timestamp":1679693159869},"service":"signup"}
{"level":"info","message":{"method":"GET","parameters":{"0":"/mycart"},"path":"/mycart","timestamp":1679693258839},"service":"signup"}
{"level":"info","message":{"method":"GET","parameters":{"0":"/mycart"},"path":"/mycart","timestamp":1679693624506},"service":"signup"}
{"level":"info","message":{"method":"GET","parameters":{"0":"/cart.json"},"path":"/cart.json","timestamp":1679693625765},"service":"signup"}
{"level":"info","message":{"method":"GET","parameters":{"0":"/home"},"path":"/home","timestamp":1679693628324},"service":"signup"}
{"level":"info","message":{"method":"GET","parameters":{"0":"/css/navbar.css"},"path":"/css/navbar.css","timestamp":1679693628441},"service":"signup"}
{"level":"info","message":{"method":"GET","parameters":{"0":"/public/img/coffeebeans.jpeg"},"path":"/public/img/coffeebeans.jpeg","timestamp":1679693628465},"service":"signup"}
{"level":"info","message":{"method":"GET","parameters":{"0":"/cart.json"},"path":"/cart.json","timestamp":1679693628711},"service":"signup"}
{"level":"info","message":{"method":"POST","parameters":{"0":"/add-to-cart/1"},"path":"/add-to-cart/1","timestamp":1679693629651},"service":"signup"}
{"level":"info","message":{"method":"GET","parameters":{"0":"/mycart"},"path":"/mycart","timestamp":1679694666864},"service":"signup"}
{"level":"info","message":{"method":"GET","parameters":{"0":"/login"},"path":"/login","timestamp":1679694666898},"service":"signup"}
{"level":"info","message":{"method":"GET","parameters":{"0":"/cart.json"},"path":"/cart.json","timestamp":1679694668073},"service":"signup"}
{"level":"info","message":{"method":"POST","parameters":{"0":"/login"},"path":"/login","timestamp":1679694676974},"service":"signup"}
{"level":"info","message":{"method":"GET","parameters":{"0":"/home"},"path":"/home","timestamp":1679694677480},"service":"signup"}
{"level":"info","message":{"method":"GET","parameters":{"0":"/css/navbar.css"},"path":"/css/navbar.css","timestamp":1679694677683},"service":"signup"}
{"level":"info","message":{"method":"GET","parameters":{"0":"/public/img/coffeebeans.jpeg"},"path":"/public/img/coffeebeans.jpeg","timestamp":1679694677699},"service":"signup"}
{"level":"info","message":{"method":"GET","parameters":{"0":"/favicon.ico"},"path":"/favicon.ico","timestamp":1679694677795},"service":"signup"}
{"level":"info","message":{"method":"GET","parameters":{"0":"/cart.json"},"path":"/cart.json","timestamp":1679694678031},"service":"signup"}
{"level":"info","message":{"method":"GET","parameters":{"0":"/favicon.ico"},"path":"/favicon.ico","timestamp":1679694678047},"service":"signup"}
{"level":"info","message":{"method":"GET","parameters":{"0":"/mycart"},"path":"/mycart","timestamp":1679694682248},"service":"signup"}
{"level":"info","message":{"method":"GET","parameters":{"0":"/login"},"path":"/login","timestamp":1679694682336},"service":"signup"}
{"level":"info","message":{"method":"GET","parameters":{"0":"/cart.json"},"path":"/cart.json","timestamp":1679694682677},"service":"signup"}
{"level":"info","message":{"method":"POST","parameters":{"0":"/login"},"path":"/login","timestamp":1679694691758},"service":"signup"}
{"level":"info","message":{"method":"GET","parameters":{"0":"/home"},"path":"/home","timestamp":1679694691975},"service":"signup"}
{"level":"info","message":{"method":"GET","parameters":{"0":"/css/navbar.css"},"path":"/css/navbar.css","timestamp":1679694692142},"service":"signup"}
{"level":"info","message":{"method":"GET","parameters":{"0":"/public/img/coffeebeans.jpeg"},"path":"/public/img/coffeebeans.jpeg","timestamp":1679694692155},"service":"signup"}
{"level":"info","message":{"method":"GET","parameters":{"0":"/favicon.ico"},"path":"/favicon.ico","timestamp":1679694692184},"service":"signup"}
{"level":"info","message":{"method":"GET","parameters":{"0":"/cart.json"},"path":"/cart.json","timestamp":1679694692490},"service":"signup"}
{"level":"info","message":{"method":"GET","parameters":{"0":"/favicon.ico"},"path":"/favicon.ico","timestamp":1679694692504},"service":"signup"}
{"level":"info","message":{"method":"GET","parameters":{"0":"/mycart"},"path":"/mycart","timestamp":1679694699161},"service":"signup"}
{"level":"info","message":{"method":"GET","parameters":{"0":"/login"},"path":"/login","timestamp":1679694699227},"service":"signup"}
{"level":"info","message":{"method":"GET","parameters":{"0":"/cart.json"},"path":"/cart.json","timestamp":1679694699535},"service":"signup"}
{"level":"info","message":{"method":"GET","parameters":{"0":"/home"},"path":"/home","timestamp":1679695526831},"service":"signup"}
{"level":"info","message":{"method":"GET","parameters":{"0":"/css/navbar.css"},"path":"/css/navbar.css","timestamp":1679695527492},"service":"signup"}
{"level":"info","message":{"method":"GET","parameters":{"0":"/public/img/coffeebeans.jpeg"},"path":"/public/img/coffeebeans.jpeg","timestamp":1679695527494},"service":"signup"}
{"level":"info","message":{"method":"GET","parameters":{"0":"/css/navbar.css"},"path":"/css/navbar.css","timestamp":1679695527547},"service":"signup"}
{"level":"info","message":{"method":"GET","parameters":{"0":"/cart.json"},"path":"/cart.json","timestamp":1679695528381},"service":"signup"}
{"level":"info","message":{"method":"POST","parameters":{"0":"/add-to-cart/1"},"path":"/add-to-cart/1","timestamp":1679695529554},"service":"signup"}
{"level":"info","message":{"method":"GET","parameters":{"0":"/cart.json"},"path":"/cart.json","timestamp":1679696170979},"service":"signup"}
{"level":"info","message":{"method":"POST","parameters":{"0":"/add-to-cart/1"},"path":"/add-to-cart/1","timestamp":1679696173805},"service":"signup"}
{"level":"info","message":{"method":"GET","parameters":{"0":"/home"},"path":"/home","timestamp":1679696456606},"service":"signup"}
{"level":"info","message":{"method":"GET","parameters":{"0":"/css/navbar.css"},"path":"/css/navbar.css","timestamp":1679696456710},"service":"signup"}
{"level":"info","message":{"method":"GET","parameters":{"0":"/public/img/coffeebeans.jpeg"},"path":"/public/img/coffeebeans.jpeg","timestamp":1679696456816},"service":"signup"}
{"level":"info","message":{"method":"GET","parameters":{"0":"/cart.json"},"path":"/cart.json","timestamp":1679696457867},"service":"signup"}
{"level":"info","message":{"method":"GET","parameters":{"0":"/login"},"path":"/login","timestamp":1679696460435},"service":"signup"}
{"level":"info","message":{"method":"GET","parameters":{"0":"/cart.json"},"path":"/cart.json","timestamp":1679696460712},"service":"signup"}
{"level":"info","message":{"method":"POST","parameters":{"0":"/login"},"path":"/login","timestamp":1679696466277},"service":"signup"}
{"level":"info","message":{"method":"GET","parameters":{"0":"/home"},"path":"/home","timestamp":1679696466472},"service":"signup"}
{"level":"info","message":{"method":"GET","parameters":{"0":"/css/navbar.css"},"path":"/css/navbar.css","timestamp":1679696466637},"service":"signup"}
{"level":"info","message":{"method":"GET","parameters":{"0":"/public/img/coffeebeans.jpeg"},"path":"/public/img/coffeebeans.jpeg","timestamp":1679696466650},"service":"signup"}
{"level":"info","message":{"method":"GET","parameters":{"0":"/favicon.ico"},"path":"/favicon.ico","timestamp":1679696466680},"service":"signup"}
{"level":"info","message":{"method":"GET","parameters":{"0":"/cart.json"},"path":"/cart.json","timestamp":1679696466925},"service":"signup"}
{"level":"info","message":{"method":"GET","parameters":{"0":"/favicon.ico"},"path":"/favicon.ico","timestamp":1679696466934},"service":"signup"}
{"level":"info","message":{"method":"GET","parameters":{"0":"/home"},"path":"/home","timestamp":1679696748936},"service":"signup"}
{"level":"info","message":{"method":"GET","parameters":{"0":"/home"},"path":"/home","timestamp":1679696821069},"service":"signup"}
{"level":"info","message":{"method":"GET","parameters":{"0":"/home"},"path":"/home","timestamp":1679697016213},"service":"signup"}
{"level":"info","message":{"method":"GET","parameters":{"0":"/home"},"path":"/home","timestamp":1679697040795},"service":"signup"}
{"level":"info","message":{"method":"GET","parameters":{"0":"/css/navbar.css"},"path":"/css/navbar.css","timestamp":1679697040906},"service":"signup"}
{"level":"info","message":{"method":"GET","parameters":{"0":"/public/img/coffeebeans.jpeg"},"path":"/public/img/coffeebeans.jpeg","timestamp":1679697041011},"service":"signup"}
{"level":"info","message":{"method":"GET","parameters":{"0":"/cart.json"},"path":"/cart.json","timestamp":1679697042080},"service":"signup"}
{"level":"info","message":{"method":"GET","parameters":{"0":"/login"},"path":"/login","timestamp":1679697043911},"service":"signup"}
{"level":"info","message":{"method":"GET","parameters":{"0":"/cart.json"},"path":"/cart.json","timestamp":1679697044198},"service":"signup"}
{"level":"info","message":{"method":"POST","parameters":{"0":"/login"},"path":"/login","timestamp":1679697050122},"service":"signup"}
{"level":"info","message":{"method":"GET","parameters":{"0":"/home"},"path":"/home","timestamp":1679697050281},"service":"signup"}
{"level":"info","message":{"method":"GET","parameters":{"0":"/css/navbar.css"},"path":"/css/navbar.css","timestamp":1679697050447},"service":"signup"}
{"level":"info","message":{"method":"GET","parameters":{"0":"/public/img/coffeebeans.jpeg"},"path":"/public/img/coffeebeans.jpeg","timestamp":1679697050461},"service":"signup"}
{"level":"info","message":{"method":"GET","parameters":{"0":"/favicon.ico"},"path":"/favicon.ico","timestamp":1679697050490},"service":"signup"}
{"level":"info","message":{"method":"GET","parameters":{"0":"/cart.json"},"path":"/cart.json","timestamp":1679697050718},"service":"signup"}
{"level":"info","message":{"method":"GET","parameters":{"0":"/favicon.ico"},"path":"/favicon.ico","timestamp":1679697050741},"service":"signup"}
{"level":"info","message":{"method":"GET","parameters":{"0":"/mycart"},"path":"/mycart","timestamp":1679697053764},"service":"signup"}
{"level":"info","message":{"method":"GET","parameters":{"0":"/login"},"path":"/login","timestamp":1679697053834},"service":"signup"}
{"level":"info","message":{"method":"GET","parameters":{"0":"/cart.json"},"path":"/cart.json","timestamp":1679697054145},"service":"signup"}
{"level":"info","message":{"method":"GET","parameters":{"0":"/cart.json"},"path":"/cart.json","timestamp":1679697058252},"service":"signup"}
{"level":"info","message":{"method":"GET","parameters":{"0":"/css/navbar.css"},"path":"/css/navbar.css","timestamp":1679697079315},"service":"signup"}
{"level":"info","message":{"method":"GET","parameters":{"0":"/login"},"path":"/login","timestamp":1679697085217},"service":"signup"}
{"level":"info","message":{"method":"GET","parameters":{"0":"/cart.json"},"path":"/cart.json","timestamp":1679697086376},"service":"signup"}
{"level":"info","message":{"method":"POST","parameters":{"0":"/login"},"path":"/login","timestamp":1679697097588},"service":"signup"}
{"level":"info","message":{"method":"GET","parameters":{"0":"/home"},"path":"/home","timestamp":1679697098206},"service":"signup"}
{"level":"info","message":{"method":"GET","parameters":{"0":"/css/navbar.css"},"path":"/css/navbar.css","timestamp":1679697098392},"service":"signup"}
{"level":"info","message":{"method":"GET","parameters":{"0":"/public/img/coffeebeans.jpeg"},"path":"/public/img/coffeebeans.jpeg","timestamp":1679697098505},"service":"signup"}
{"level":"info","message":{"method":"GET","parameters":{"0":"/favicon.ico"},"path":"/favicon.ico","timestamp":1679697098560},"service":"signup"}
{"level":"info","message":{"method":"GET","parameters":{"0":"/cart.json"},"path":"/cart.json","timestamp":1679697099532},"service":"signup"}
{"level":"info","message":{"method":"GET","parameters":{"0":"/favicon.ico"},"path":"/favicon.ico","timestamp":1679697099569},"service":"signup"}
{"level":"info","message":{"method":"GET","parameters":{"0":"/home"},"path":"/home","timestamp":1679697210096},"service":"signup"}
{"level":"info","message":{"method":"GET","parameters":{"0":"/css/navbar.css"},"path":"/css/navbar.css","timestamp":1679697210205},"service":"signup"}
{"level":"info","message":{"method":"GET","parameters":{"0":"/public/img/coffeebeans.jpeg"},"path":"/public/img/coffeebeans.jpeg","timestamp":1679697210328},"service":"signup"}
{"level":"info","message":{"method":"GET","parameters":{"0":"/cart.json"},"path":"/cart.json","timestamp":1679697211353},"service":"signup"}
{"level":"info","message":{"method":"GET","parameters":{"0":"/login"},"path":"/login","timestamp":1679697230446},"service":"signup"}
{"level":"info","message":{"method":"GET","parameters":{"0":"/cart.json"},"path":"/cart.json","timestamp":1679697231543},"service":"signup"}
{"level":"info","message":{"method":"POST","parameters":{"0":"/login"},"path":"/login","timestamp":1679697235960},"service":"signup"}
{"level":"info","message":{"method":"GET","parameters":{"0":"/home"},"path":"/home","timestamp":1679697236443},"service":"signup"}
{"level":"info","message":{"method":"GET","parameters":{"0":"/css/navbar.css"},"path":"/css/navbar.css","timestamp":1679697236604},"service":"signup"}
{"level":"info","message":{"method":"GET","parameters":{"0":"/public/img/coffeebeans.jpeg"},"path":"/public/img/coffeebeans.jpeg","timestamp":1679697236716},"service":"signup"}
{"level":"info","message":{"method":"GET","parameters":{"0":"/favicon.ico"},"path":"/favicon.ico","timestamp":1679697236763},"service":"signup"}
{"level":"info","message":{"method":"GET","parameters":{"0":"/cart.json"},"path":"/cart.json","timestamp":1679697237964},"service":"signup"}
{"level":"info","message":{"method":"GET","parameters":{"0":"/favicon.ico"},"path":"/favicon.ico","timestamp":1679697287059},"service":"signup"}
{"level":"info","message":{"method":"GET","parameters":{"0":"/home"},"path":"/home","timestamp":1679697289040},"service":"signup"}
{"level":"info","message":{"method":"GET","parameters":{"0":"/css/navbar.css"},"path":"/css/navbar.css","timestamp":1679697289213},"service":"signup"}
{"level":"info","message":{"method":"GET","parameters":{"0":"/public/img/coffeebeans.jpeg"},"path":"/public/img/coffeebeans.jpeg","timestamp":1679697289323},"service":"signup"}
{"level":"info","message":{"method":"GET","parameters":{"0":"/favicon.ico"},"path":"/favicon.ico","timestamp":1679697289375},"service":"signup"}
{"level":"info","message":{"method":"GET","parameters":{"0":"/cart.json"},"path":"/cart.json","timestamp":1679697290346},"service":"signup"}
{"level":"info","message":{"method":"GET","parameters":{"0":"/home"},"path":"/home","timestamp":1679697318177},"service":"signup"}
{"level":"info","message":{"method":"GET","parameters":{"0":"/css/navbar.css"},"path":"/css/navbar.css","timestamp":1679697318286},"service":"signup"}
{"level":"info","message":{"method":"GET","parameters":{"0":"/public/img/coffeebeans.jpeg"},"path":"/public/img/coffeebeans.jpeg","timestamp":1679697318398},"service":"signup"}
{"level":"info","message":{"method":"GET","parameters":{"0":"/favicon.ico"},"path":"/favicon.ico","timestamp":1679697318449},"service":"signup"}
{"level":"info","message":{"method":"GET","parameters":{"0":"/cart.json"},"path":"/cart.json","timestamp":1679697319427},"service":"signup"}
{"level":"info","message":{"method":"GET","parameters":{"0":"/home"},"path":"/home","timestamp":1679697329636},"service":"signup"}
{"level":"info","message":{"method":"GET","parameters":{"0":"/css/navbar.css"},"path":"/css/navbar.css","timestamp":1679697329785},"service":"signup"}
{"level":"info","message":{"method":"GET","parameters":{"0":"/public/img/coffeebeans.jpeg"},"path":"/public/img/coffeebeans.jpeg","timestamp":1679697329908},"service":"signup"}
{"level":"info","message":{"method":"GET","parameters":{"0":"/favicon.ico"},"path":"/favicon.ico","timestamp":1679697329961},"service":"signup"}
{"level":"info","message":{"method":"GET","parameters":{"0":"/cart.json"},"path":"/cart.json","timestamp":1679697331199},"service":"signup"}
{"level":"info","message":{"method":"GET","parameters":{"0":"/login"},"path":"/login","timestamp":1679697356656},"service":"signup"}
{"level":"info","message":{"method":"GET","parameters":{"0":"/cart.json"},"path":"/cart.json","timestamp":1679697357767},"service":"signup"}
{"level":"info","message":{"method":"POST","parameters":{"0":"/login"},"path":"/login","timestamp":1679697361356},"service":"signup"}
{"level":"info","message":{"method":"GET","parameters":{"0":"/home"},"path":"/home","timestamp":1679697361889},"service":"signup"}
{"level":"info","message":{"method":"GET","parameters":{"0":"/css/navbar.css"},"path":"/css/navbar.css","timestamp":1679697362041},"service":"signup"}
{"level":"info","message":{"method":"GET","parameters":{"0":"/public/img/coffeebeans.jpeg"},"path":"/public/img/coffeebeans.jpeg","timestamp":1679697362156},"service":"signup"}
{"level":"info","message":{"method":"GET","parameters":{"0":"/favicon.ico"},"path":"/favicon.ico","timestamp":1679697363265},"service":"signup"}
{"level":"info","message":{"method":"GET","parameters":{"0":"/cart.json"},"path":"/cart.json","timestamp":1679697363350},"service":"signup"}
{"level":"info","message":{"method":"GET","parameters":{"0":"/favicon.ico"},"path":"/favicon.ico","timestamp":1679697369962},"service":"signup"}
{"level":"info","message":{"method":"GET","parameters":{"0":"/home"},"path":"/home","timestamp":1679697372676},"service":"signup"}
{"level":"info","message":{"method":"GET","parameters":{"0":"/css/navbar.css"},"path":"/css/navbar.css","timestamp":1679697372850},"service":"signup"}
{"level":"info","message":{"method":"GET","parameters":{"0":"/public/img/coffeebeans.jpeg"},"path":"/public/img/coffeebeans.jpeg","timestamp":1679697372958},"service":"signup"}
{"level":"info","message":{"method":"GET","parameters":{"0":"/favicon.ico"},"path":"/favicon.ico","timestamp":1679697373022},"service":"signup"}
{"level":"info","message":{"method":"GET","parameters":{"0":"/cart.json"},"path":"/cart.json","timestamp":1679697373975},"service":"signup"}
{"level":"info","message":{"method":"GET","parameters":{"0":"/home"},"path":"/home","timestamp":1679697378167},"service":"signup"}
{"level":"info","message":{"method":"GET","parameters":{"0":"/css/navbar.css"},"path":"/css/navbar.css","timestamp":1679697378327},"service":"signup"}
{"level":"info","message":{"method":"GET","parameters":{"0":"/public/img/coffeebeans.jpeg"},"path":"/public/img/coffeebeans.jpeg","timestamp":1679697378442},"service":"signup"}
{"level":"info","message":{"method":"GET","parameters":{"0":"/favicon.ico"},"path":"/favicon.ico","timestamp":1679697378489},"service":"signup"}
{"level":"info","message":{"method":"GET","parameters":{"0":"/cart.json"},"path":"/cart.json","timestamp":1679697379651},"service":"signup"}
{"level":"info","message":{"method":"GET","parameters":{"0":"/login"},"path":"/login","timestamp":1679697535607},"service":"signup"}
{"level":"info","message":{"method":"GET","parameters":{"0":"/cart.json"},"path":"/cart.json","timestamp":1679697536734},"service":"signup"}
{"level":"info","message":{"method":"POST","parameters":{"0":"/login"},"path":"/login","timestamp":1679697540174},"service":"signup"}
{"level":"info","message":{"method":"GET","parameters":{"0":"/home"},"path":"/home","timestamp":1679697540648},"service":"signup"}
{"level":"info","message":{"method":"GET","parameters":{"0":"/css/navbar.css"},"path":"/css/navbar.css","timestamp":1679697540805},"service":"signup"}
{"level":"info","message":{"method":"GET","parameters":{"0":"/public/img/coffeebeans.jpeg"},"path":"/public/img/coffeebeans.jpeg","timestamp":1679697540910},"service":"signup"}
{"level":"info","message":{"method":"GET","parameters":{"0":"/favicon.ico"},"path":"/favicon.ico","timestamp":1679697540966},"service":"signup"}
{"level":"info","message":{"method":"GET","parameters":{"0":"/cart.json"},"path":"/cart.json","timestamp":1679697541893},"service":"signup"}
{"level":"info","message":{"method":"GET","parameters":{"0":"/favicon.ico"},"path":"/favicon.ico","timestamp":1679697541928},"service":"signup"}
{"level":"info","message":{"method":"GET","parameters":{"0":"/mycart"},"path":"/mycart","timestamp":1679697544785},"service":"signup"}
{"level":"info","message":{"method":"GET","parameters":{"0":"/login"},"path":"/login","timestamp":1679697544793},"service":"signup"}
{"level":"info","message":{"method":"GET","parameters":{"0":"/cart.json"},"path":"/cart.json","timestamp":1679697545892},"service":"signup"}
{"level":"info","message":{"method":"POST","parameters":{"0":"/login"},"path":"/login","timestamp":1679697549756},"service":"signup"}
{"level":"info","message":{"method":"GET","parameters":{"0":"/home"},"path":"/home","timestamp":1679697549885},"service":"signup"}
{"level":"info","message":{"method":"GET","parameters":{"0":"/css/navbar.css"},"path":"/css/navbar.css","timestamp":1679697549992},"service":"signup"}
{"level":"info","message":{"method":"GET","parameters":{"0":"/public/img/coffeebeans.jpeg"},"path":"/public/img/coffeebeans.jpeg","timestamp":1679697550096},"service":"signup"}
{"level":"info","message":{"method":"GET","parameters":{"0":"/favicon.ico"},"path":"/favicon.ico","timestamp":1679697550148},"service":"signup"}
{"level":"info","message":{"method":"GET","parameters":{"0":"/cart.json"},"path":"/cart.json","timestamp":1679697551103},"service":"signup"}
{"level":"info","message":{"method":"GET","parameters":{"0":"/favicon.ico"},"path":"/favicon.ico","timestamp":1679697551146},"service":"signup"}
{"level":"info","message":{"method":"GET","parameters":{"0":"/mycart"},"path":"/mycart","timestamp":1679697629300},"service":"signup"}
{"level":"info","message":{"method":"GET","parameters":{"0":"/login"},"path":"/login","timestamp":1679697629323},"service":"signup"}
{"level":"info","message":{"method":"GET","parameters":{"0":"/cart.json"},"path":"/cart.json","timestamp":1679697630430},"service":"signup"}
{"level":"info","message":{"method":"POST","parameters":{"0":"/login"},"path":"/login","timestamp":1679697633497},"service":"signup"}
{"level":"info","message":{"method":"GET","parameters":{"0":"/home"},"path":"/home","timestamp":1679697633776},"service":"signup"}
{"level":"info","message":{"method":"GET","parameters":{"0":"/css/navbar.css"},"path":"/css/navbar.css","timestamp":1679697633889},"service":"signup"}
{"level":"info","message":{"method":"GET","parameters":{"0":"/public/img/coffeebeans.jpeg"},"path":"/public/img/coffeebeans.jpeg","timestamp":1679697634001},"service":"signup"}
{"level":"info","message":{"method":"GET","parameters":{"0":"/favicon.ico"},"path":"/favicon.ico","timestamp":1679697634051},"service":"signup"}
{"level":"info","message":{"method":"GET","parameters":{"0":"/cart.json"},"path":"/cart.json","timestamp":1679697634980},"service":"signup"}
{"level":"info","message":{"method":"GET","parameters":{"0":"/favicon.ico"},"path":"/favicon.ico","timestamp":1679697635028},"service":"signup"}
{"level":"info","message":{"method":"GET","parameters":{"0":"/mycart"},"path":"/mycart","timestamp":1679697910728},"service":"signup"}
{"level":"info","message":{"method":"GET","parameters":{"0":"/login"},"path":"/login","timestamp":1679697910744},"service":"signup"}
{"level":"info","message":{"method":"GET","parameters":{"0":"/cart.json"},"path":"/cart.json","timestamp":1679697911822},"service":"signup"}
{"level":"info","message":{"method":"POST","parameters":{"0":"/login"},"path":"/login","timestamp":1679697923170},"service":"signup"}
{"level":"info","message":{"method":"GET","parameters":{"0":"/home"},"path":"/home","timestamp":1679697923644},"service":"signup"}
{"level":"info","message":{"method":"GET","parameters":{"0":"/css/navbar.css"},"path":"/css/navbar.css","timestamp":1679697923782},"service":"signup"}
{"level":"info","message":{"method":"GET","parameters":{"0":"/public/img/coffeebeans.jpeg"},"path":"/public/img/coffeebeans.jpeg","timestamp":1679697923888},"service":"signup"}
{"level":"info","message":{"method":"GET","parameters":{"0":"/favicon.ico"},"path":"/favicon.ico","timestamp":1679697923942},"service":"signup"}
{"level":"info","message":{"method":"GET","parameters":{"0":"/cart.json"},"path":"/cart.json","timestamp":1679697924937},"service":"signup"}
{"level":"info","message":{"method":"GET","parameters":{"0":"/favicon.ico"},"path":"/favicon.ico","timestamp":1679697924988},"service":"signup"}
{"level":"info","message":{"method":"GET","parameters":{"0":"/home"},"path":"/home","timestamp":1679697950895},"service":"signup"}
{"level":"info","message":{"method":"GET","parameters":{"0":"/css/navbar.css"},"path":"/css/navbar.css","timestamp":1679697951006},"service":"signup"}
{"level":"info","message":{"method":"GET","parameters":{"0":"/public/img/coffeebeans.jpeg"},"path":"/public/img/coffeebeans.jpeg","timestamp":1679697951134},"service":"signup"}
{"level":"info","message":{"method":"GET","parameters":{"0":"/cart.json"},"path":"/cart.json","timestamp":1679697952176},"service":"signup"}
{"level":"info","message":{"method":"GET","parameters":{"0":"/mycart"},"path":"/mycart","timestamp":1679697952817},"service":"signup"}
{"level":"info","message":{"method":"GET","parameters":{"0":"/login"},"path":"/login","timestamp":1679697952826},"service":"signup"}
{"level":"info","message":{"method":"GET","parameters":{"0":"/cart.json"},"path":"/cart.json","timestamp":1679697953925},"service":"signup"}
{"level":"info","message":{"method":"POST","parameters":{"0":"/login"},"path":"/login","timestamp":1679697957853},"service":"signup"}
{"level":"info","message":{"method":"GET","parameters":{"0":"/mycart"},"path":"/mycart","timestamp":1679697958004},"service":"signup"}
{"level":"info","message":{"method":"GET","parameters":{"0":"/login"},"path":"/login","timestamp":1679697958009},"service":"signup"}
{"level":"info","message":{"method":"GET","parameters":{"0":"/favicon.ico"},"path":"/favicon.ico","timestamp":1679697959039},"service":"signup"}
{"level":"info","message":{"method":"GET","parameters":{"0":"/cart.json"},"path":"/cart.json","timestamp":1679697959079},"service":"signup"}
{"level":"info","message":{"method":"GET","parameters":{"0":"/favicon.ico"},"path":"/favicon.ico","timestamp":1679697959103},"service":"signup"}
{"level":"info","message":{"method":"GET","parameters":{"0":"/login"},"path":"/login","timestamp":1679698001131},"service":"signup"}
{"level":"info","message":{"method":"GET","parameters":{"0":"/cart.json"},"path":"/cart.json","timestamp":1679698002268},"service":"signup"}
{"level":"info","message":{"method":"POST","parameters":{"0":"/login"},"path":"/login","timestamp":1679698005491},"service":"signup"}
{"level":"info","message":{"method":"GET","parameters":{"0":"/mycart"},"path":"/mycart","timestamp":1679698005660},"service":"signup"}
{"level":"info","message":{"method":"GET","parameters":{"0":"/login"},"path":"/login","timestamp":1679698005665},"service":"signup"}
{"level":"info","message":{"method":"GET","parameters":{"0":"/favicon.ico"},"path":"/favicon.ico","timestamp":1679698006687},"service":"signup"}
{"level":"info","message":{"method":"GET","parameters":{"0":"/cart.json"},"path":"/cart.json","timestamp":1679698006723},"service":"signup"}
{"level":"info","message":{"method":"GET","parameters":{"0":"/favicon.ico"},"path":"/favicon.ico","timestamp":1679698006758},"service":"signup"}
{"level":"info","message":{"method":"GET","parameters":{"0":"/login"},"path":"/login","timestamp":1679698023291},"service":"signup"}
{"level":"info","message":{"method":"GET","parameters":{"0":"/favicon.ico"},"path":"/favicon.ico","timestamp":1679698024396},"service":"signup"}
{"level":"info","message":{"method":"GET","parameters":{"0":"/cart.json"},"path":"/cart.json","timestamp":1679698024432},"service":"signup"}
{"level":"info","message":{"method":"POST","parameters":{"0":"/login"},"path":"/login","timestamp":1679698150990},"service":"signup"}
{"level":"info","message":{"method":"GET","parameters":{"0":"/mycart"},"path":"/mycart","timestamp":1679698151475},"service":"signup"}
{"level":"info","message":{"method":"GET","parameters":{"0":"/login"},"path":"/login","timestamp":1679698151480},"service":"signup"}
{"level":"info","message":{"method":"GET","parameters":{"0":"/favicon.ico"},"path":"/favicon.ico","timestamp":1679698152535},"service":"signup"}
{"level":"info","message":{"method":"GET","parameters":{"0":"/cart.json"},"path":"/cart.json","timestamp":1679698152577},"service":"signup"}
{"level":"info","message":{"method":"GET","parameters":{"0":"/favicon.ico"},"path":"/favicon.ico","timestamp":1679698152599},"service":"signup"}
{"level":"info","message":{"method":"POST","parameters":{"0":"/login"},"path":"/login","timestamp":1679698167743},"service":"signup"}
{"level":"info","message":{"method":"GET","parameters":{"0":"/home"},"path":"/home","timestamp":1679698167894},"service":"signup"}
{"level":"info","message":{"method":"GET","parameters":{"0":"/css/navbar.css"},"path":"/css/navbar.css","timestamp":1679698167997},"service":"signup"}
{"level":"info","message":{"method":"GET","parameters":{"0":"/public/img/coffeebeans.jpeg"},"path":"/public/img/coffeebeans.jpeg","timestamp":1679698168119},"service":"signup"}
{"level":"info","message":{"method":"GET","parameters":{"0":"/favicon.ico"},"path":"/favicon.ico","timestamp":1679698168153},"service":"signup"}
{"level":"info","message":{"method":"GET","parameters":{"0":"/favicon.ico"},"path":"/favicon.ico","timestamp":1679698168176},"service":"signup"}
{"level":"info","message":{"method":"GET","parameters":{"0":"/cart.json"},"path":"/cart.json","timestamp":1679698169147},"service":"signup"}
{"level":"info","message":{"method":"GET","parameters":{"0":"/favicon.ico"},"path":"/favicon.ico","timestamp":1679698169246},"service":"signup"}
{"level":"info","message":{"method":"GET","parameters":{"0":"/mycart"},"path":"/mycart","timestamp":1679698172063},"service":"signup"}
{"level":"info","message":{"method":"GET","parameters":{"0":"/login"},"path":"/login","timestamp":1679698172070},"service":"signup"}
{"level":"info","message":{"method":"GET","parameters":{"0":"/cart.json"},"path":"/cart.json","timestamp":1679698173214},"service":"signup"}
{"level":"info","message":{"method":"POST","parameters":{"0":"/login"},"path":"/login","timestamp":1679698230002},"service":"signup"}
{"level":"info","message":{"method":"GET","parameters":{"0":"/home"},"path":"/home","timestamp":1679698230317},"service":"signup"}
{"level":"info","message":{"method":"GET","parameters":{"0":"/css/navbar.css"},"path":"/css/navbar.css","timestamp":1679698230443},"service":"signup"}
{"level":"info","message":{"method":"GET","parameters":{"0":"/public/img/coffeebeans.jpeg"},"path":"/public/img/coffeebeans.jpeg","timestamp":1679698230553},"service":"signup"}
{"level":"info","message":{"method":"GET","parameters":{"0":"/favicon.ico"},"path":"/favicon.ico","timestamp":1679698231526},"service":"signup"}
{"level":"info","message":{"method":"GET","parameters":{"0":"/cart.json"},"path":"/cart.json","timestamp":1679698231670},"service":"signup"}
{"level":"info","message":{"method":"GET","parameters":{"0":"/favicon.ico"},"path":"/favicon.ico","timestamp":1679698231765},"service":"signup"}
{"level":"info","message":{"method":"GET","parameters":{"0":"/mycart"},"path":"/mycart","timestamp":1679698233458},"service":"signup"}
{"level":"info","message":{"method":"GET","parameters":{"0":"/mycart"},"path":"/mycart","timestamp":1679698266742},"service":"signup"}
{"level":"info","message":{"method":"GET","parameters":{"0":"/mycart"},"path":"/mycart","timestamp":1679698350330},"service":"signup"}
{"level":"info","message":{"method":"GET","parameters":{"0":"/home"},"path":"/home","timestamp":1679698360403},"service":"signup"}
{"level":"info","message":{"method":"GET","parameters":{"0":"/css/navbar.css"},"path":"/css/navbar.css","timestamp":1679698360608},"service":"signup"}
{"level":"info","message":{"method":"GET","parameters":{"0":"/public/img/coffeebeans.jpeg"},"path":"/public/img/coffeebeans.jpeg","timestamp":1679698360760},"service":"signup"}
{"level":"info","message":{"method":"GET","parameters":{"0":"/cart.json"},"path":"/cart.json","timestamp":1679698361988},"service":"signup"}
{"level":"info","message":{"method":"GET","parameters":{"0":"/mycart"},"path":"/mycart","timestamp":1679698362903},"service":"signup"}
{"level":"info","message":{"method":"GET","parameters":{"0":"/mycart"},"path":"/mycart","timestamp":1679698365249},"service":"signup"}
{"level":"info","message":{"method":"GET","parameters":{"0":"/mycart"},"path":"/mycart","timestamp":1679698366403},"service":"signup"}
{"level":"info","message":{"method":"GET","parameters":{"0":"/mycart"},"path":"/mycart","timestamp":1679698367727},"service":"signup"}
{"level":"info","message":{"method":"GET","parameters":{"0":"/cart.json"},"path":"/cart.json","timestamp":1679699620889},"service":"signup"}
{"level":"info","message":{"method":"GET","parameters":{"0":"/home"},"path":"/home","timestamp":1679699851770},"service":"signup"}
{"level":"info","message":{"method":"GET","parameters":{"0":"/css/navbar.css"},"path":"/css/navbar.css","timestamp":1679699851874},"service":"signup"}
{"level":"info","message":{"method":"GET","parameters":{"0":"/public/img/coffeebeans.jpeg"},"path":"/public/img/coffeebeans.jpeg","timestamp":1679699852007},"service":"signup"}
{"level":"info","message":{"method":"GET","parameters":{"0":"/cart.json"},"path":"/cart.json","timestamp":1679699853012},"service":"signup"}
{"level":"info","message":{"method":"GET","parameters":{"0":"/login"},"path":"/login","timestamp":1679699855037},"service":"signup"}
{"level":"info","message":{"method":"GET","parameters":{"0":"/cart.json"},"path":"/cart.json","timestamp":1679699856124},"service":"signup"}
{"level":"info","message":{"method":"POST","parameters":{"0":"/login"},"path":"/login","timestamp":1679699862573},"service":"signup"}
{"level":"info","message":{"method":"GET","parameters":{"0":"/home"},"path":"/home","timestamp":1679699863051},"service":"signup"}
{"level":"info","message":{"method":"GET","parameters":{"0":"/css/navbar.css"},"path":"/css/navbar.css","timestamp":1679699863194},"service":"signup"}
{"level":"info","message":{"method":"GET","parameters":{"0":"/public/img/coffeebeans.jpeg"},"path":"/public/img/coffeebeans.jpeg","timestamp":1679699863293},"service":"signup"}
{"level":"info","message":{"method":"GET","parameters":{"0":"/favicon.ico"},"path":"/favicon.ico","timestamp":1679699863352},"service":"signup"}
{"level":"info","message":{"method":"GET","parameters":{"0":"/cart.json"},"path":"/cart.json","timestamp":1679699864361},"service":"signup"}
{"level":"info","message":{"method":"GET","parameters":{"0":"/favicon.ico"},"path":"/favicon.ico","timestamp":1679699864399},"service":"signup"}
{"level":"info","message":{"method":"GET","parameters":{"0":"/login"},"path":"/login","timestamp":1679700680135},"service":"signup"}
{"level":"info","message":{"method":"GET","parameters":{"0":"/cart.json"},"path":"/cart.json","timestamp":1679700681488},"service":"signup"}
{"level":"info","message":{"method":"POST","parameters":{"0":"/login"},"path":"/login","timestamp":1679700685128},"service":"signup"}
{"level":"info","message":{"method":"GET","parameters":{"0":"/home"},"path":"/home","timestamp":1679700686029},"service":"signup"}
{"level":"info","message":{"method":"GET","parameters":{"0":"/css/navbar.css"},"path":"/css/navbar.css","timestamp":1679700686230},"service":"signup"}
{"level":"info","message":{"method":"GET","parameters":{"0":"/public/img/coffeebeans.jpeg"},"path":"/public/img/coffeebeans.jpeg","timestamp":1679700686331},"service":"signup"}
{"level":"info","message":{"method":"GET","parameters":{"0":"/favicon.ico"},"path":"/favicon.ico","timestamp":1679700686422},"service":"signup"}
{"level":"info","message":{"method":"GET","parameters":{"0":"/cart.json"},"path":"/cart.json","timestamp":1679700687371},"service":"signup"}
{"level":"info","message":{"method":"GET","parameters":{"0":"/favicon.ico"},"path":"/favicon.ico","timestamp":1679700687411},"service":"signup"}
{"level":"info","message":{"method":"GET","parameters":{"0":"/mycart"},"path":"/mycart","timestamp":1679700690684},"service":"signup"}
{"level":"info","message":{"method":"GET","parameters":{"0":"/login"},"path":"/login","timestamp":1679700690690},"service":"signup"}
{"level":"info","message":{"method":"GET","parameters":{"0":"/cart.json"},"path":"/cart.json","timestamp":1679700691853},"service":"signup"}
{"level":"info","message":{"method":"GET","parameters":{"0":"/cart.json"},"path":"/cart.json","timestamp":1679700696518},"service":"signup"}
{"level":"info","message":{"method":"GET","parameters":{"0":"/home"},"path":"/home","timestamp":1679700704247},"service":"signup"}
{"level":"info","message":{"method":"GET","parameters":{"0":"/css/navbar.css"},"path":"/css/navbar.css","timestamp":1679700704660},"service":"signup"}
{"level":"info","message":{"method":"GET","parameters":{"0":"/public/img/coffeebeans.jpeg"},"path":"/public/img/coffeebeans.jpeg","timestamp":1679700704765},"service":"signup"}
{"level":"info","message":{"method":"GET","parameters":{"0":"/cart.json"},"path":"/cart.json","timestamp":1679700705735},"service":"signup"}
{"level":"info","message":{"method":"GET","parameters":{"0":"/login"},"path":"/login","timestamp":1679700706076},"service":"signup"}
{"level":"info","message":{"method":"GET","parameters":{"0":"/cart.json"},"path":"/cart.json","timestamp":1679700707200},"service":"signup"}
{"level":"info","message":{"method":"POST","parameters":{"0":"/login"},"path":"/login","timestamp":1679700710501},"service":"signup"}
{"level":"info","message":{"method":"GET","parameters":{"0":"/home"},"path":"/home","timestamp":1679700710627},"service":"signup"}
{"level":"info","message":{"method":"GET","parameters":{"0":"/css/navbar.css"},"path":"/css/navbar.css","timestamp":1679700710733},"service":"signup"}
{"level":"info","message":{"method":"GET","parameters":{"0":"/public/img/coffeebeans.jpeg"},"path":"/public/img/coffeebeans.jpeg","timestamp":1679700710828},"service":"signup"}
{"level":"info","message":{"method":"GET","parameters":{"0":"/favicon.ico"},"path":"/favicon.ico","timestamp":1679700711966},"service":"signup"}
{"level":"info","message":{"method":"GET","parameters":{"0":"/cart.json"},"path":"/cart.json","timestamp":1679700712061},"service":"signup"}
{"level":"info","message":{"method":"GET","parameters":{"0":"/favicon.ico"},"path":"/favicon.ico","timestamp":1679700798900},"service":"signup"}
{"level":"info","message":{"method":"GET","parameters":{"0":"/login"},"path":"/login","timestamp":1679700804031},"service":"signup"}
{"level":"info","message":{"method":"GET","parameters":{"0":"/cart.json"},"path":"/cart.json","timestamp":1679700805154},"service":"signup"}
{"level":"info","message":{"method":"POST","parameters":{"0":"/login"},"path":"/login","timestamp":1679700808942},"service":"signup"}
{"level":"info","message":{"method":"GET","parameters":{"0":"/home"},"path":"/home","timestamp":1679700809103},"service":"signup"}
{"level":"info","message":{"method":"GET","parameters":{"0":"/home"},"path":"/home","timestamp":1679700877834},"service":"signup"}
{"level":"info","message":{"method":"GET","parameters":{"0":"/css/navbar.css"},"path":"/css/navbar.css","timestamp":1679700877953},"service":"signup"}
{"level":"info","message":{"method":"GET","parameters":{"0":"/public/img/coffeebeans.jpeg"},"path":"/public/img/coffeebeans.jpeg","timestamp":1679700878102},"service":"signup"}
{"level":"info","message":{"method":"GET","parameters":{"0":"/cart.json"},"path":"/cart.json","timestamp":1679700879608},"service":"signup"}
{"level":"info","message":{"method":"GET","parameters":{"0":"/login"},"path":"/login","timestamp":1679700884787},"service":"signup"}
{"level":"info","message":{"method":"GET","parameters":{"0":"/cart.json"},"path":"/cart.json","timestamp":1679700885933},"service":"signup"}
{"level":"info","message":{"method":"POST","parameters":{"0":"/login"},"path":"/login","timestamp":1679700888778},"service":"signup"}
{"level":"info","message":{"method":"GET","parameters":{"0":"/home"},"path":"/home","timestamp":1679700889192},"service":"signup"}
{"level":"info","message":{"method":"GET","parameters":{"0":"/css/navbar.css"},"path":"/css/navbar.css","timestamp":1679700889304},"service":"signup"}
{"level":"info","message":{"method":"GET","parameters":{"0":"/public/img/coffeebeans.jpeg"},"path":"/public/img/coffeebeans.jpeg","timestamp":1679700889413},"service":"signup"}
{"level":"info","message":{"method":"GET","parameters":{"0":"/favicon.ico"},"path":"/favicon.ico","timestamp":1679700890559},"service":"signup"}
{"level":"info","message":{"method":"GET","parameters":{"0":"/cart.json"},"path":"/cart.json","timestamp":1679700890622},"service":"signup"}
{"level":"info","message":{"method":"GET","parameters":{"0":"/favicon.ico"},"path":"/favicon.ico","timestamp":1679700892988},"service":"signup"}
{"level":"info","message":{"method":"GET","parameters":{"0":"/login"},"path":"/login","timestamp":1679700970128},"service":"signup"}
{"level":"info","message":{"method":"GET","parameters":{"0":"/favicon.ico"},"path":"/favicon.ico","timestamp":1679700970188},"service":"signup"}
{"level":"info","message":{"method":"GET","parameters":{"0":"/cart.json"},"path":"/cart.json","timestamp":1679700971262},"service":"signup"}
{"level":"info","message":{"method":"POST","parameters":{"0":"/login"},"path":"/login","timestamp":1679700974586},"service":"signup"}
{"level":"info","message":{"method":"GET","parameters":{"0":"/home"},"path":"/home","timestamp":1679700974732},"service":"signup"}
{"level":"info","message":{"method":"GET","parameters":{"0":"/css/navbar.css"},"path":"/css/navbar.css","timestamp":1679700974888},"service":"signup"}
{"level":"info","message":{"method":"GET","parameters":{"0":"/public/img/coffeebeans.jpeg"},"path":"/public/img/coffeebeans.jpeg","timestamp":1679700974985},"service":"signup"}
{"level":"info","message":{"method":"GET","parameters":{"0":"/favicon.ico"},"path":"/favicon.ico","timestamp":1679700976106},"service":"signup"}
{"level":"info","message":{"method":"GET","parameters":{"0":"/cart.json"},"path":"/cart.json","timestamp":1679700976158},"service":"signup"}
{"level":"info","message":{"method":"GET","parameters":{"0":"/favicon.ico"},"path":"/favicon.ico","timestamp":1679700985616},"service":"signup"}
{"level":"info","message":{"method":"GET","parameters":{"0":"/login"},"path":"/login","timestamp":1679700989156},"service":"signup"}
{"level":"info","message":{"method":"GET","parameters":{"0":"/cart.json"},"path":"/cart.json","timestamp":1679700990303},"service":"signup"}
{"level":"info","message":{"method":"POST","parameters":{"0":"/login"},"path":"/login","timestamp":1679700992817},"service":"signup"}
{"level":"info","message":{"method":"GET","parameters":{"0":"/home"},"path":"/home","timestamp":1679700992957},"service":"signup"}
{"level":"info","message":{"method":"GET","parameters":{"0":"/css/navbar.css"},"path":"/css/navbar.css","timestamp":1679700993128},"service":"signup"}
{"level":"info","message":{"method":"GET","parameters":{"0":"/public/img/coffeebeans.jpeg"},"path":"/public/img/coffeebeans.jpeg","timestamp":1679700993222},"service":"signup"}
{"level":"info","message":{"method":"GET","parameters":{"0":"/favicon.ico"},"path":"/favicon.ico","timestamp":1679700994420},"service":"signup"}
{"level":"info","message":{"method":"GET","parameters":{"0":"/cart.json"},"path":"/cart.json","timestamp":1679700994480},"service":"signup"}
